IQ-TREE multicore version 2.0.3 for Mac OS X 64-bit built Apr 26 2020
Developed by Bui Quang Minh, Nguyen Lam Tung, Olga Chernomor,
Heiko Schmidt, Dominik Schrempf, Michael Woodhams.

Host:    Lovisas-dator.local (AVX2, FMA3, 8 GB RAM)
Command: iqtree -s tetrapod_concatenation.fasta -st AA -wsl -nt 1 -pre T1_ML -m JTT+R3
Seed:    197944 (Using SPRNG - Scalable Parallel Random Number Generator)
Time:    Thu Nov 26 11:51:04 2020
Kernel:  AVX+FMA - 1 threads (4 CPU cores detected)

HINT: Use -nt option to specify number of threads because your CPU has 4 cores!
HINT: -nt AUTO will automatically determine the best number of threads to use.

Reading alignment file tetrapod_concatenation.fasta ... Fasta format detected
Alignment most likely contains protein sequences
Alignment has 23 sequences with 9619 columns, 6654 distinct patterns
2936 parsimony-informative, 2750 singleton sites, 3933 constant sites
                                           Gap/Ambiguity  Composition  p-value
   1  African-lungfish_Protopterus_annectens      11.10%    passed     99.40%
   2  American-lungfish_Lepidosiren_paradoxa      28.99%    passed     68.42%
   3  Australian-lungfish_Neoceratodus_forsteri   35.03%    failed      1.13%
   4  armadillo_Dasypus_novemcinctus              10.87%    passed     99.93%
   5  chicken_Gallus_gallus                        2.33%    passed     99.96%
   6  coelacanth_Latimeria_chalumnae               4.00%    passed     88.39%
   7  dog_Canis_lupus                              4.35%    passed    100.00%
   8  elephant_Loxodonta_africana                  0.62%    passed    100.00%
   9  frog_Silurana_tropicalis                     2.53%    passed     65.28%
  10  gar_Lepisosteus_oculatus                     0.65%    passed     95.38%
  11  human_Homo_sapiens                           1.98%    passed    100.00%
  12  kangaroo_Macropus_eugenii                   15.25%    passed    100.00%
  13  lizard_Anolis_carolinensis                   7.21%    passed     99.93%
  14  mouse_Mus_musculus                           0.43%    passed     99.47%
  15  opossum_Monodelphis_domestica                9.02%    passed     99.95%
  16  platypus_Ornithorhynchus_anatinus           30.81%    passed     11.42%
  17  pufferfish_Takifugu_rubripes                15.04%    passed     99.11%
  18  shark_Callorhinchus_milii                    0.90%    passed     97.04%
  19  tilapia_Oreochromis_niloticus               17.85%    passed     47.86%
  20  turkey_Meleagris_gallopavo                  16.63%    passed     49.76%
  21  turtle_Pelodiscus_sinensis                   6.30%    passed     99.71%
  22  zebrafinch_Taeniopygia_guttata              39.27%    failed      1.09%
  23  zebrafish_Danio_rerio                       39.03%    passed     13.26%
****  TOTAL                                       13.05%  2 sequences failed composition chi2 test (p-value<5%; df=19)

Create initial parsimony tree by phylogenetic likelihood library (PLL)... 0.065 seconds

NOTE: 71 MB RAM (0 GB) is required!
Estimate model parameters (epsilon = 0.100)
1. Initial log-likelihood: -107634.302
2. Current log-likelihood: -106696.903
3. Current log-likelihood: -106666.982
4. Current log-likelihood: -106652.528
5. Current log-likelihood: -106642.386
6. Current log-likelihood: -106634.573
7. Current log-likelihood: -106628.606
8. Current log-likelihood: -106624.162
9. Current log-likelihood: -106620.942
10. Current log-likelihood: -106618.591
11. Current log-likelihood: -106616.827
12. Current log-likelihood: -106615.458
13. Current log-likelihood: -106614.352
14. Current log-likelihood: -106613.412
15. Current log-likelihood: -106612.584
16. Current log-likelihood: -106611.884
17. Current log-likelihood: -106611.208
18. Current log-likelihood: -106610.567
19. Current log-likelihood: -106609.945
20. Current log-likelihood: -106609.338
21. Current log-likelihood: -106608.746
22. Current log-likelihood: -106608.167
23. Current log-likelihood: -106607.602
24. Current log-likelihood: -106607.051
25. Current log-likelihood: -106606.515
26. Current log-likelihood: -106605.994
27. Current log-likelihood: -106605.489
28. Current log-likelihood: -106605.001
29. Current log-likelihood: -106604.530
30. Current log-likelihood: -106604.076
31. Current log-likelihood: -106603.641
32. Current log-likelihood: -106603.225
33. Current log-likelihood: -106602.827
34. Current log-likelihood: -106602.444
35. Current log-likelihood: -106602.085
36. Current log-likelihood: -106601.740
37. Current log-likelihood: -106601.414
38. Current log-likelihood: -106601.107
39. Current log-likelihood: -106600.819
40. Current log-likelihood: -106600.556
41. Current log-likelihood: -106600.310
42. Current log-likelihood: -106600.072
43. Current log-likelihood: -106599.850
44. Current log-likelihood: -106599.648
45. Current log-likelihood: -106599.461
46. Current log-likelihood: -106599.288
47. Current log-likelihood: -106599.128
48. Current log-likelihood: -106598.981
49. Current log-likelihood: -106598.846
50. Current log-likelihood: -106598.722
51. Current log-likelihood: -106598.608
52. Current log-likelihood: -106598.504
Optimal log-likelihood: -106598.398
Site proportion and rates:  (0.584,0.267) (0.340,1.514) (0.076,4.315)
Parameters optimization took 52 rounds (167.265 sec)
Computing ML distances based on estimated model parameters... 0.170 sec
Computing BIONJ tree...
0.004 seconds
Log-likelihood of BIONJ tree: -107007.683
--------------------------------------------------------------------
|             INITIALIZING CANDIDATE TREE SET                      |
--------------------------------------------------------------------
Generating 98 parsimony trees... 5.125 second
Computing log-likelihood of 98 initial trees ... 62.408 seconds
Current best score: -106598.398

Do NNI search on 20 best initial trees
Estimate model parameters (epsilon = 0.100)
BETTER TREE FOUND at iteration 1: -106593.591
Iteration 10 / LogL: -106593.663 / Time: 0h:4m:59s
UPDATE BEST LOG-LIKELIHOOD: -106593.590
Iteration 20 / LogL: -106593.737 / Time: 0h:6m:0s
Finish initializing candidate tree set (1)
Current best tree score: -106593.590 / CPU time: 191.120
Number of iterations: 20
--------------------------------------------------------------------
|               OPTIMIZING CANDIDATE TREE SET                      |
--------------------------------------------------------------------
UPDATE BEST LOG-LIKELIHOOD: -106593.589
Iteration 30 / LogL: -106593.589 / Time: 0h:7m:27s (0h:18m:15s left)
Iteration 40 / LogL: -106593.607 / Time: 0h:8m:30s (0h:13m:18s left)
Iteration 50 / LogL: -106593.704 / Time: 0h:9m:14s (0h:9m:37s left)
Iteration 60 / LogL: -106594.957 / Time: 0h:9m:54s (0h:6m:52s left)
Iteration 70 / LogL: -106593.844 / Time: 0h:10m:42s (0h:4m:48s left)
Iteration 80 / LogL: -106593.677 / Time: 0h:11m:25s (0h:3m:2s left)
UPDATE BEST LOG-LIKELIHOOD: -106593.589
Iteration 90 / LogL: -106596.616 / Time: 0h:12m:10s (0h:1m:30s left)
Iteration 100 / LogL: -106594.340 / Time: 0h:13m:0s (0h:0m:7s left)
TREE SEARCH COMPLETED AFTER 102 ITERATIONS / Time: 0h:13m:8s

--------------------------------------------------------------------
|                    FINALIZING TREE SEARCH                        |
--------------------------------------------------------------------
Performs final model parameters optimization
Estimate model parameters (epsilon = 0.010)
1. Initial log-likelihood: -106593.589
2. Current log-likelihood: -106593.509
3. Current log-likelihood: -106593.441
4. Current log-likelihood: -106593.368
5. Current log-likelihood: -106593.311
6. Current log-likelihood: -106593.262
7. Current log-likelihood: -106593.212
8. Current log-likelihood: -106593.172
9. Current log-likelihood: -106593.135
10. Current log-likelihood: -106593.101
11. Current log-likelihood: -106593.074
12. Current log-likelihood: -106593.049
13. Current log-likelihood: -106593.026
14. Current log-likelihood: -106593.007
15. Current log-likelihood: -106592.990
16. Current log-likelihood: -106592.974
17. Current log-likelihood: -106592.960
18. Current log-likelihood: -106592.946
19. Current log-likelihood: -106592.934
20. Current log-likelihood: -106592.923
Optimal log-likelihood: -106592.915
Site proportion and rates:  (0.604,0.281) (0.331,1.613) (0.065,4.562)
Parameters optimization took 20 rounds (31.506 sec)
BEST SCORE FOUND : -106592.915
Site log-likelihoods printed to T1_ML.sitelh
Total tree length: 1.938

Total number of iterations: 102
CPU time used for tree search: 551.446 sec (0h:9m:11s)
Wall-clock time used for tree search: 618.912 sec (0h:10m:18s)
Total CPU time used: 711.810 sec (0h:11m:51s)
Total wall-clock time used: 820.318 sec (0h:13m:40s)

Analysis results written to: 
  IQ-TREE report:                T1_ML.iqtree
  Maximum-likelihood tree:       T1_ML.treefile
  Likelihood distances:          T1_ML.mldist
  Site log-likelihoods:          T1_ML.sitelh
  Screen log file:               T1_ML.log

Date and Time: Thu Nov 26 12:04:44 2020
