IQ-TREE multicore version 2.0.3 for Mac OS X 64-bit built Apr 26 2020
Developed by Bui Quang Minh, Nguyen Lam Tung, Olga Chernomor,
Heiko Schmidt, Dominik Schrempf, Michael Woodhams.

Host:    Lovisas-dator.local (AVX2, FMA3, 8 GB RAM)
Command: iqtree -wsl -nt 1 -st AA -s concatenation_modified_10.fasta -m JTT+R3 -g T1.treefile -pre T1_ML
Seed:    724384 (Using SPRNG - Scalable Parallel Random Number Generator)
Time:    Wed Dec  2 13:50:25 2020
Kernel:  AVX+FMA - 1 threads (4 CPU cores detected)

HINT: Use -nt option to specify number of threads because your CPU has 4 cores!
HINT: -nt AUTO will automatically determine the best number of threads to use.

Reading alignment file concatenation_modified_10.fasta ... Fasta format detected
Alignment most likely contains protein sequences
Alignment has 23 sequences with 9609 columns, 6644 distinct patterns
2926 parsimony-informative, 2750 singleton sites, 3933 constant sites
                                           Gap/Ambiguity  Composition  p-value
   1  African-lungfish_Protopterus_annectens      11.11%    passed     99.38%
   2  American-lungfish_Lepidosiren_paradoxa      28.95%    passed     64.86%
   3  Australian-lungfish_Neoceratodus_forsteri   35.03%    failed      1.29%
   4  armadillo_Dasypus_novemcinctus              10.89%    passed     99.93%
   5  chicken_Gallus_gallus                        2.33%    passed     99.96%
   6  coelacanth_Latimeria_chalumnae               4.01%    passed     90.19%
   7  dog_Canis_lupus                              4.35%    passed    100.00%
   8  elephant_Loxodonta_africana                  0.62%    passed    100.00%
   9  frog_Silurana_tropicalis                     2.52%    passed     66.16%
  10  gar_Lepisosteus_oculatus                     0.66%    passed     95.09%
  11  human_Homo_sapiens                           1.98%    passed    100.00%
  12  kangaroo_Macropus_eugenii                   15.27%    passed    100.00%
  13  lizard_Anolis_carolinensis                   7.22%    passed     99.93%
  14  mouse_Mus_musculus                           0.43%    passed     99.51%
  15  opossum_Monodelphis_domestica                9.03%    passed     99.95%
  16  platypus_Ornithorhynchus_anatinus           30.85%    passed     11.58%
  17  pufferfish_Takifugu_rubripes                15.05%    passed     98.94%
  18  shark_Callorhinchus_milii                    0.91%    passed     97.20%
  19  tilapia_Oreochromis_niloticus               17.76%    passed     47.78%
  20  turkey_Meleagris_gallopavo                  16.65%    passed     49.20%
  21  turtle_Pelodiscus_sinensis                   6.31%    passed     99.70%
  22  zebrafinch_Taeniopygia_guttata              39.31%    failed      1.16%
  23  zebrafish_Danio_rerio                       38.96%    passed     13.65%
****  TOTAL                                       13.05%  2 sequences failed composition chi2 test (p-value<5%; df=19)
Reading constraint tree T1.treefile...
Creating fast initial parsimony tree by random order stepwise addition...
0.010 seconds, parsimony score: 13939 (based on 5676 sites)

NOTE: 71 MB RAM (0 GB) is required!
Estimate model parameters (epsilon = 0.100)
1. Initial log-likelihood: -107500.498
2. Current log-likelihood: -106554.925
3. Current log-likelihood: -106525.528
4. Current log-likelihood: -106511.405
5. Current log-likelihood: -106501.440
6. Current log-likelihood: -106493.694
7. Current log-likelihood: -106487.717
8. Current log-likelihood: -106483.209
9. Current log-likelihood: -106479.924
10. Current log-likelihood: -106477.461
11. Current log-likelihood: -106475.584
12. Current log-likelihood: -106474.107
13. Current log-likelihood: -106472.897
14. Current log-likelihood: -106471.861
15. Current log-likelihood: -106470.935
16. Current log-likelihood: -106470.079
17. Current log-likelihood: -106469.271
18. Current log-likelihood: -106468.553
19. Current log-likelihood: -106467.848
20. Current log-likelihood: -106467.159
21. Current log-likelihood: -106466.484
22. Current log-likelihood: -106465.823
23. Current log-likelihood: -106465.177
24. Current log-likelihood: -106464.545
25. Current log-likelihood: -106463.930
26. Current log-likelihood: -106463.332
27. Current log-likelihood: -106462.752
28. Current log-likelihood: -106462.192
29. Current log-likelihood: -106461.651
30. Current log-likelihood: -106461.131
31. Current log-likelihood: -106460.633
32. Current log-likelihood: -106460.157
33. Current log-likelihood: -106459.698
34. Current log-likelihood: -106459.262
35. Current log-likelihood: -106458.859
36. Current log-likelihood: -106458.469
37. Current log-likelihood: -106458.101
38. Current log-likelihood: -106457.756
39. Current log-likelihood: -106457.433
40. Current log-likelihood: -106457.131
41. Current log-likelihood: -106456.851
42. Current log-likelihood: -106456.594
43. Current log-likelihood: -106456.356
44. Current log-likelihood: -106456.136
45. Current log-likelihood: -106455.934
46. Current log-likelihood: -106455.748
47. Current log-likelihood: -106455.577
48. Current log-likelihood: -106455.421
49. Current log-likelihood: -106455.279
50. Current log-likelihood: -106455.149
51. Current log-likelihood: -106455.031
52. Current log-likelihood: -106454.924
Optimal log-likelihood: -106454.815
Site proportion and rates:  (0.592,0.272) (0.337,1.556) (0.071,4.415)
Parameters optimization took 52 rounds (95.713 sec)
--------------------------------------------------------------------
|             INITIALIZING CANDIDATE TREE SET                      |
--------------------------------------------------------------------
Generating 99 parsimony trees... 0.828 second
Computing log-likelihood of 99 initial trees ... 36.883 seconds
Current best score: -106454.815

Do NNI search on 20 best initial trees
Estimate model parameters (epsilon = 0.100)
BETTER TREE FOUND at iteration 1: -106415.699
Iteration 10 / LogL: -106415.893 / Time: 0h:2m:44s
Iteration 20 / LogL: -106415.716 / Time: 0h:3m:15s
Finish initializing candidate tree set (1)
Current best tree score: -106415.699 / CPU time: 99.505
Number of iterations: 20
--------------------------------------------------------------------
|               OPTIMIZING CANDIDATE TREE SET                      |
--------------------------------------------------------------------
Iteration 30 / LogL: -106415.711 / Time: 0h:3m:46s (0h:9m:14s left)
Iteration 40 / LogL: -106416.342 / Time: 0h:4m:16s (0h:6m:41s left)
Iteration 50 / LogL: -106415.945 / Time: 0h:4m:55s (0h:5m:7s left)
UPDATE BEST LOG-LIKELIHOOD: -106415.698
Iteration 60 / LogL: -106415.826 / Time: 0h:5m:27s (0h:3m:47s left)
UPDATE BEST LOG-LIKELIHOOD: -106415.697
Iteration 70 / LogL: -106415.732 / Time: 0h:6m:9s (0h:2m:46s left)
Iteration 80 / LogL: -106415.756 / Time: 0h:6m:46s (0h:1m:48s left)
Iteration 90 / LogL: -106415.738 / Time: 0h:7m:29s (0h:0m:55s left)
Iteration 100 / LogL: -106415.723 / Time: 0h:8m:11s (0h:0m:4s left)
TREE SEARCH COMPLETED AFTER 102 ITERATIONS / Time: 0h:8m:19s

--------------------------------------------------------------------
|                    FINALIZING TREE SEARCH                        |
--------------------------------------------------------------------
Performs final model parameters optimization
Estimate model parameters (epsilon = 0.010)
1. Initial log-likelihood: -106415.697
2. Current log-likelihood: -106415.644
3. Current log-likelihood: -106415.601
4. Current log-likelihood: -106415.559
5. Current log-likelihood: -106415.523
6. Current log-likelihood: -106415.491
7. Current log-likelihood: -106415.465
8. Current log-likelihood: -106415.441
9. Current log-likelihood: -106415.419
10. Current log-likelihood: -106415.402
11. Current log-likelihood: -106415.384
12. Current log-likelihood: -106415.370
13. Current log-likelihood: -106415.355
14. Current log-likelihood: -106415.344
15. Current log-likelihood: -106415.331
Optimal log-likelihood: -106415.322
Site proportion and rates:  (0.606,0.281) (0.329,1.617) (0.065,4.564)
Parameters optimization took 15 rounds (24.970 sec)
BEST SCORE FOUND : -106415.322
Site log-likelihoods printed to T1_ML.sitelh
Total tree length: 1.937

Total number of iterations: 102
CPU time used for tree search: 369.081 sec (0h:6m:9s)
Wall-clock time used for tree search: 404.013 sec (0h:6m:44s)
Total CPU time used: 481.066 sec (0h:8m:1s)
Total wall-clock time used: 524.800 sec (0h:8m:44s)

Analysis results written to: 
  IQ-TREE report:                T1_ML.iqtree
  Maximum-likelihood tree:       T1_ML.treefile
  Site log-likelihoods:          T1_ML.sitelh
  Screen log file:               T1_ML.log

Date and Time: Wed Dec  2 13:59:10 2020
