IQ-TREE multicore version 2.0.3 for Mac OS X 64-bit built Apr 26 2020
Developed by Bui Quang Minh, Nguyen Lam Tung, Olga Chernomor,
Heiko Schmidt, Dominik Schrempf, Michael Woodhams.

Host:    Lovisas-dator.local (AVX2, FMA3, 8 GB RAM)
Command: iqtree -s data/3_concatenation/concatenation.fasta -spp data/3_concatenation/partition.nexus -st AA -wsl -nt 1 -pre T1_ML -m JTT+R3
Seed:    732599 (Using SPRNG - Scalable Parallel Random Number Generator)
Time:    Thu Dec 10 11:33:17 2020
Kernel:  AVX+FMA - 1 threads (4 CPU cores detected)

HINT: Use -nt option to specify number of threads because your CPU has 4 cores!
HINT: -nt AUTO will automatically determine the best number of threads to use.

Reading partition model file data/3_concatenation/partition.nexus ...
Reading alignment file data/3_concatenation/concatenation.fasta ... Fasta format detected
Alignment most likely contains protein sequences
Alignment has 83 sequences with 2531 columns, 2519 distinct patterns
2388 parsimony-informative, 89 singleton sites, 53 constant sites
                               Gap/Ambiguity  Composition  p-value
   1  AAG_PM3                          9.25%    passed      7.53%
   2  AR1                             19.83%    failed      0.00%
   3  AR10                             4.11%    failed      0.00%
   4  AR15                             2.65%    failed      0.05%
   5  AR19                            33.47%    failed      0.00%
   6  AR20                             3.20%    failed      0.00%
   7  AR5                             12.72%    failed      0.67%
   8  Aciduliprofundum_boonei_T469     0.83%    failed      0.00%
   9  Aeropyrum_pernix_K1              0.87%    failed      0.00%
  10  Aiga_0000106_J15                44.80%    passed      6.19%
  11  Altiarch                        14.42%    failed      0.00%
  12  Arabidopsis_thaliana             0.28%    failed      0.00%
  13  Archaeoglobus_fulgidus_DSM_43    2.29%    failed      0.00%
  14  Bigelowiella_natans             12.88%    failed      1.53%
  15  Ca_Korarchaeum_cryptofilum_OP    3.28%    failed      0.00%
  16  Ca_Micrarchaeum_acidiphilum_A  100.00%    passed       nan%
  17  Ca_Nitrososphaera_gargensis_G    3.16%    failed      3.03%
  18  Ca_Parvarchaeum_acidophilus_A  100.00%    passed       nan%
  19  Caldiarchaeum_subterraneum       7.47%    failed      0.00%
  20  Caldivirga_maquilingensis_IC     0.79%    failed      0.00%
  21  Cenarchaeum_symbiosum_A          3.08%    failed      1.46%
  22  Chlamydomonas_reinhardtii        3.95%    failed      0.00%
  23  Desulfurococcus_kamchatkensis    1.94%    failed      0.16%
  24  Diapher_AAA011_E11              11.26%    failed      0.05%
  25  Dictyostelium_discoideum         0.36%    failed      0.00%
  26  Entamoeba_histolytica_HM_1_IM    0.75%    failed      0.00%
  27  Ferroglobus_placidus_DSM_1064    1.22%    failed      0.00%
  28  Ferroplasma_acidarmanus_fer1     1.03%    failed      0.00%
  29  Geo_AAA471_B05                  15.69%    failed      0.00%
  30  Geoarchaeon_NAG1               100.00%    passed       nan%
  31  Haloarcula_marismortui_ATCC_4    1.62%    failed      0.00%
  32  Haloferax_volcanii_DS2           3.52%    failed      0.00%
  33  Heimdall2                       24.46%    failed      0.00%
  34  Heimdall3                        1.11%    failed      0.00%
  35  Homo_sapiens                     1.94%    failed      0.00%
  36  Ignicoccus_hospitalis_KIN4_I     0.87%    failed      0.00%
  37  Kor1                             2.96%    failed      0.00%
  38  Kor2                            37.02%    failed      0.00%
  39  Kor3                             7.23%    failed      0.00%
  40  Leishmania_infantum              0.24%    failed      0.00%
  41  Loki                             1.82%    failed      0.00%
  42  LokiBf                          19.52%    failed      0.01%
  43  MBGD_SCGC_AB539N05              28.57%    failed      3.53%
  44  MCG_SCGC_AB539E09               61.95%    failed      4.30%
  45  Metallosphaera_cuprina_Ar_4      1.54%    failed      0.35%
  46  Methanobacterium_AL_21           2.17%    failed      0.54%
  47  Methanocaldococcus_jannaschii    0.67%    failed      0.00%
  48  Methanocella_paludicola_SANAE    1.11%    failed      1.57%
  49  Methanococcus_maripaludis_C6     0.95%    failed      0.03%
  50  Methanocorpusculum_labreanum     0.95%    failed      0.00%
  51  Methanoculleus_marisnigri_JR1    0.75%    failed      0.00%
  52  Methanomassiliicoccus_lu_B10     1.15%    failed      0.10%
  53  Methanoplanus_petrolearius_DS    0.55%    failed      0.33%
  54  Methanosaeta_thermophila_PT      1.62%    failed      0.02%
  55  Methanosarcina_acetivorans_C2    0.87%    passed     10.51%
  56  Methanosphaera_stadtmanae_DSM    2.65%    failed      0.51%
  57  Methanothermobacter_thermauto    2.88%    failed      2.00%
  58  Methanothermus_fervidus_DSM_2    2.21%    failed      0.00%
  59  Naegleria_gruberi               12.49%    failed      0.01%
  60  Nano_AAA011_G17                 10.59%    failed      0.00%
  61  Nanoarchaeote_Nst1             100.00%    passed       nan%
  62  Nanoarchaeum_equitans_Kin4_M     2.45%    failed      0.00%
  63  Nitrosopumilus_maritimus_SCM1    3.04%    passed      7.07%
  64  Odin                             0.83%    passed     16.26%
  65  Plasmodium_falciparum            0.87%    failed      0.00%
  66  Pyrobaculum_aerophilum_IM2       0.95%    failed      0.00%
  67  Pyrococcus_furiosus_DSM_3638     0.91%    failed      0.00%
  68  Pyrolobus_fumarii_1A             0.67%    failed      0.00%
  69  Saccharomyces_cerevisiae         2.61%    failed      0.00%
  70  Sulfolobus_acidocaldarius_DSM    2.25%    failed      0.03%
  71  Tetrahymena_thermophila          0.24%    failed      0.00%
  72  Thalassiosira_pseudonana_CCMP    2.84%    failed      0.00%
  73  Thecamonas_trahens               0.79%    failed      0.00%
  74  Thermococcus_kodakarensis_KOD    1.15%    failed      0.00%
  75  Thermofilum_pendens_Hrk_5        0.91%    failed      0.20%
  76  Thermoplasma_acidophilum_DSM     0.95%    failed      0.09%
  77  Thermoproteus_uzoniensis_768     1.98%    failed      0.00%
  78  Thor45                          22.17%    passed     36.22%
  79  Thor83                           1.11%    failed      0.46%
  80  ThorAarhus                       6.56%    passed      7.36%
  81  Trichomonas_vaginalis            0.51%    failed      0.00%
  82  Uncultured_Marine_Group_II_Eu  100.00%    passed       nan%
  83  Vulcanisaeta_distributa_DSM_1    2.02%    failed      0.00%
WARNING: 6 sequences contain more than 50% gaps/ambiguity
****  TOTAL                           12.14%  71 sequences failed composition chi2 test (p-value<5%; df=19)
NOTE: No CharPartition defined, use all CharSets

Loading 25 partitions...
Subset	Type	Seqs	Sites	Infor	Invar	Model	Name
1	AA	75	120	119	0	JTT+R3	arCOG00780
2	AA	77	123	119	0	JTT+R3	arCOG00781
3	AA	73	52	42	3	JTT+R3	arCOG00782
4	AA	77	66	65	1	JTT+R3	arCOG00785
5	AA	73	139	133	2	JTT+R3	arCOG01344
6	AA	75	65	59	1	JTT+R3	arCOG01885
7	AA	74	125	122	2	JTT+R3	arCOG01946
8	AA	73	59	57	2	JTT+R3	arCOG01950
9	AA	69	47	40	5	JTT+R3	arCOG04049
10	AA	77	149	143	1	JTT+R3	arCOG04089
11	AA	77	233	223	2	JTT+R3	arCOG04093
12	AA	72	62	57	5	JTT+R3	arCOG04108
13	AA	73	92	85	2	JTT+R3	arCOG04109
14	AA	68	56	45	2	JTT+R3	arCOG04126
15	AA	76	97	95	2	JTT+R3	arCOG04129
16	AA	75	126	121	1	JTT+R3	arCOG04154
17	AA	64	51	46	3	JTT+R3	arCOG04177
18	AA	75	99	95	1	JTT+R3	arCOG04182
19	AA	75	50	43	3	JTT+R3	arCOG04183
20	AA	74	197	192	1	JTT+R3	arCOG04186
21	AA	75	81	71	3	JTT+R3	arCOG04208
22	AA	76	187	174	7	JTT+R3	arCOG04209
23	AA	76	102	100	0	JTT+R3	arCOG04287
24	AA	74	69	60	4	JTT+R3	arCOG04314
25	AA	72	84	82	1	JTT+R3	arCOG04473
Degree of missing data: 0.045
Info: multi-threading strategy over partitions


Create initial parsimony tree by phylogenetic likelihood library (PLL)... 0.154 seconds

NOTE: 105 MB RAM (0 GB) is required!
Estimate model parameters (epsilon = 0.100)
Initial log-likelihood: -278296.045
Current log-likelihood at step 1: -275898.903
Current log-likelihood at step 2: -275858.545
Current log-likelihood at step 3: -275852.503
Current log-likelihood at step 4: -275847.122
Current log-likelihood at step 5: -275843.382
Current log-likelihood at step 6: -275842.440
Current log-likelihood at step 7: -275842.225
Current log-likelihood at step 8: -275842.176
Partition-specific rates:  1.058 1.146 0.800 1.150 1.031 1.015 1.047 0.921 0.738 1.011 1.175 0.929 0.833 0.730 0.999 0.926 0.830 1.511 0.958 1.241 0.937 0.785 0.699 0.482 1.092
Parameters optimization took 7 rounds (30.275 sec)

Computing ML distances based on estimated model parameters... 15.883 sec
Computing BIONJ tree...
0.032 seconds
Log-likelihood of BIONJ tree: -276003.530
--------------------------------------------------------------------
|             INITIALIZING CANDIDATE TREE SET                      |
--------------------------------------------------------------------
Generating 98 parsimony trees... 27.498 second
Computing log-likelihood of 98 initial trees ... 71.680 seconds
Current best score: -275842.176

Do NNI search on 20 best initial trees
Estimate model parameters (epsilon = 0.100)
Initial log-likelihood: -275696.892
Current log-likelihood at step 1: -275694.659
Current log-likelihood at step 2: -275694.025
Current log-likelihood at step 3: -275693.274
Current log-likelihood at step 4: -275692.062
Current log-likelihood at step 5: -275691.757
Current log-likelihood at step 6: -275691.751
Parameters optimization took 5 rounds (17.747 sec)

BETTER TREE FOUND at iteration 1: -275691.751
Estimate model parameters (epsilon = 0.100)
Initial log-likelihood: -275638.677
Current log-likelihood at step 1: -275636.683
Current log-likelihood at step 2: -275636.325
Current log-likelihood at step 3: -275636.212
Current log-likelihood at step 4: -275636.187
Parameters optimization took 3 rounds (16.107 sec)

BETTER TREE FOUND at iteration 2: -275636.187
Iteration 10 / LogL: -275636.293 / Time: 0h:4m:26s
Iteration 20 / LogL: -275647.294 / Time: 0h:5m:46s
Finish initializing candidate tree set (9)
Current best tree score: -275636.187 / CPU time: 289.487
Number of iterations: 20
--------------------------------------------------------------------
|               OPTIMIZING CANDIDATE TREE SET                      |
--------------------------------------------------------------------
Estimate model parameters (epsilon = 0.100)
Initial log-likelihood: -275636.152
Current log-likelihood at step 1: -275636.009
Current log-likelihood at step 2: -275635.988
Parameters optimization took 1 rounds (6.254 sec)

UPDATE BEST LOG-LIKELIHOOD: -275635.988
Iteration 30 / LogL: -275636.005 / Time: 0h:8m:0s (0h:19m:51s left)
Iteration 40 / LogL: -275637.923 / Time: 0h:9m:56s (0h:15m:47s left)
Iteration 50 / LogL: -275637.485 / Time: 0h:11m:48s (0h:12m:31s left)
Iteration 60 / LogL: -275637.396 / Time: 0h:13m:59s (0h:9m:57s left)
Iteration 70 / LogL: -275707.860 / Time: 0h:16m:3s (0h:7m:26s left)
Iteration 80 / LogL: -275636.056 / Time: 0h:18m:14s (0h:5m:4s left)
Iteration 90 / LogL: -275636.370 / Time: 0h:22m:11s (0h:2m:59s left)
Iteration 100 / LogL: -275641.928 / Time: 0h:25m:1s (0h:0m:30s left)
TREE SEARCH COMPLETED AFTER 103 ITERATIONS / Time: 0h:25m:53s

--------------------------------------------------------------------
|                    FINALIZING TREE SEARCH                        |
--------------------------------------------------------------------
Performs final model parameters optimization
Estimate model parameters (epsilon = 0.010)
Initial log-likelihood: -275635.988
Current log-likelihood at step 1: -275635.981
Partition-specific rates:  1.058 1.161 0.802 1.148 1.031 1.013 1.051 0.930 0.736 1.011 1.179 0.927 0.831 0.717 1.000 0.919 0.818 1.515 0.954 1.239 0.936 0.783 0.699 0.483 1.086
Parameters optimization took 0 rounds (5.341 sec)

Partition information was printed to T1_ML.best_model.nex
BEST SCORE FOUND : -275635.981
Site log-likelihoods printed to T1_ML.sitelh
Total tree length: 37.384

Total number of iterations: 103
CPU time used for tree search: 1214.051 sec (0h:20m:14s)
Wall-clock time used for tree search: 1497.109 sec (0h:24m:57s)
Total CPU time used: 1263.512 sec (0h:21m:3s)
Total wall-clock time used: 1559.268 sec (0h:25m:59s)

Analysis results written to: 
  IQ-TREE report:                T1_ML.iqtree
  Maximum-likelihood tree:       T1_ML.treefile
  Likelihood distances:          T1_ML.mldist
  Site log-likelihoods:          T1_ML.sitelh
  Screen log file:               T1_ML.log

Date and Time: Thu Dec 10 11:59:17 2020
