IQ-TREE multicore version 2.0.3 for Mac OS X 64-bit built Apr 26 2020
Developed by Bui Quang Minh, Nguyen Lam Tung, Olga Chernomor,
Heiko Schmidt, Dominik Schrempf, Michael Woodhams.

Host:    Eriks-Air-3.lan (AVX2, FMA3, 4 GB RAM)
Command: iqtree -wsl -nt 2 -st AA -s tetrapod.fasta -m JTT+R3 -g T2.treefile -pre T2_ML
Seed:    228256 (Using SPRNG - Scalable Parallel Random Number Generator)
Time:    Wed Nov 25 09:05:52 2020
Kernel:  AVX+FMA - 2 threads (4 CPU cores detected)

Reading alignment file tetrapod.fasta ... Phylip format detected
Alignment most likely contains protein sequences
Alignment has 23 sequences with 9619 columns, 6654 distinct patterns
2936 parsimony-informative, 2750 singleton sites, 3933 constant sites
                                           Gap/Ambiguity  Composition  p-value
   1  African-lungfish_Protopterus_annectens      11.10%    passed     99.40%
   2  American-lungfish_Lepidosiren_paradoxa      28.99%    passed     68.42%
   3  Australian-lungfish_Neoceratodus_forsteri   35.03%    failed      1.13%
   4  armadillo_Dasypus_novemcinctus              10.87%    passed     99.93%
   5  chicken_Gallus_gallus                        2.33%    passed     99.96%
   6  coelacanth_Latimeria_chalumnae               4.00%    passed     88.39%
   7  dog_Canis_lupus                              4.35%    passed    100.00%
   8  elephant_Loxodonta_africana                  0.62%    passed    100.00%
   9  frog_Silurana_tropicalis                     2.53%    passed     65.28%
  10  gar_Lepisosteus_oculatus                     0.65%    passed     95.38%
  11  human_Homo_sapiens                           1.98%    passed    100.00%
  12  kangaroo_Macropus_eugenii                   15.25%    passed    100.00%
  13  lizard_Anolis_carolinensis                   7.21%    passed     99.93%
  14  mouse_Mus_musculus                           0.43%    passed     99.47%
  15  opossum_Monodelphis_domestica                9.02%    passed     99.95%
  16  platypus_Ornithorhynchus_anatinus           30.81%    passed     11.42%
  17  pufferfish_Takifugu_rubripes                15.04%    passed     99.11%
  18  shark_Callorhinchus_milii                    0.90%    passed     97.04%
  19  tilapia_Oreochromis_niloticus               17.85%    passed     47.86%
  20  turkey_Meleagris_gallopavo                  16.63%    passed     49.76%
  21  turtle_Pelodiscus_sinensis                   6.30%    passed     99.71%
  22  zebrafinch_Taeniopygia_guttata              39.27%    failed      1.09%
  23  zebrafish_Danio_rerio                       39.03%    passed     13.26%
****  TOTAL                                       13.05%  2 sequences failed composition chi2 test (p-value<5%; df=19)
Reading constraint tree T2.treefile...
WARNING: Rooted constraint tree will be treated as unrooted tree
Creating fast initial parsimony tree by random order stepwise addition...
0.012 seconds, parsimony score: 13975 (based on 5686 sites)

NOTE: 71 MB RAM (0 GB) is required!
Estimate model parameters (epsilon = 0.100)
1. Initial log-likelihood: -107684.269
2. Current log-likelihood: -106722.548
3. Current log-likelihood: -106692.660
4. Current log-likelihood: -106678.071
5. Current log-likelihood: -106667.722
6. Current log-likelihood: -106659.709
7. Current log-likelihood: -106653.587
8. Current log-likelihood: -106649.021
9. Current log-likelihood: -106645.734
10. Current log-likelihood: -106643.295
11. Current log-likelihood: -106641.454
12. Current log-likelihood: -106640.019
13. Current log-likelihood: -106638.847
14. Current log-likelihood: -106637.847
15. Current log-likelihood: -106636.958
16. Current log-likelihood: -106636.137
17. Current log-likelihood: -106635.425
18. Current log-likelihood: -106634.733
19. Current log-likelihood: -106634.063
20. Current log-likelihood: -106633.410
21. Current log-likelihood: -106632.773
22. Current log-likelihood: -106632.153
23. Current log-likelihood: -106631.548
24. Current log-likelihood: -106630.961
25. Current log-likelihood: -106630.391
26. Current log-likelihood: -106629.839
27. Current log-likelihood: -106629.307
28. Current log-likelihood: -106628.794
29. Current log-likelihood: -106628.301
30. Current log-likelihood: -106627.829
31. Current log-likelihood: -106627.378
32. Current log-likelihood: -106626.949
33. Current log-likelihood: -106626.536
34. Current log-likelihood: -106626.155
35. Current log-likelihood: -106625.785
36. Current log-likelihood: -106625.445
37. Current log-likelihood: -106625.117
38. Current log-likelihood: -106624.818
39. Current log-likelihood: -106624.529
40. Current log-likelihood: -106624.260
41. Current log-likelihood: -106624.010
42. Current log-likelihood: -106623.781
43. Current log-likelihood: -106623.566
44. Current log-likelihood: -106623.371
45. Current log-likelihood: -106623.190
46. Current log-likelihood: -106623.025
47. Current log-likelihood: -106622.873
48. Current log-likelihood: -106622.733
49. Current log-likelihood: -106622.606
50. Current log-likelihood: -106622.489
51. Current log-likelihood: -106622.383
Optimal log-likelihood: -106622.275
Site proportion and rates:  (0.586,0.268) (0.340,1.527) (0.075,4.354)
Parameters optimization took 51 rounds (70.560 sec)
--------------------------------------------------------------------
|             INITIALIZING CANDIDATE TREE SET                      |
--------------------------------------------------------------------
Generating 99 parsimony trees... 0.794 second
Computing log-likelihood of 99 initial trees ... 24.111 seconds
Current best score: -106622.275

Do NNI search on 20 best initial trees
Estimate model parameters (epsilon = 0.100)
BETTER TREE FOUND at iteration 1: -106618.458
Iteration 10 / LogL: -106621.523 / Time: 0h:1m:56s
Iteration 20 / LogL: -106621.605 / Time: 0h:2m:19s
Finish initializing candidate tree set (1)
Current best tree score: -106618.458 / CPU time: 69.131
Number of iterations: 20
--------------------------------------------------------------------
|               OPTIMIZING CANDIDATE TREE SET                      |
--------------------------------------------------------------------
UPDATE BEST LOG-LIKELIHOOD: -106618.457
Iteration 30 / LogL: -106618.470 / Time: 0h:2m:48s (0h:6m:52s left)
UPDATE BEST LOG-LIKELIHOOD: -106618.455
Iteration 40 / LogL: -106623.517 / Time: 0h:3m:15s (0h:5m:6s left)
Iteration 50 / LogL: -106618.603 / Time: 0h:3m:46s (0h:3m:55s left)
Iteration 60 / LogL: -106618.465 / Time: 0h:4m:14s (0h:2m:56s left)
Iteration 70 / LogL: -106619.389 / Time: 0h:4m:46s (0h:2m:8s left)
Iteration 80 / LogL: -106618.493 / Time: 0h:5m:17s (0h:1m:24s left)
Iteration 90 / LogL: -106619.825 / Time: 0h:5m:46s (0h:0m:42s left)
Iteration 100 / LogL: -106618.507 / Time: 0h:6m:16s (0h:0m:3s left)
TREE SEARCH COMPLETED AFTER 102 ITERATIONS / Time: 0h:6m:22s

--------------------------------------------------------------------
|                    FINALIZING TREE SEARCH                        |
--------------------------------------------------------------------
Performs final model parameters optimization
Estimate model parameters (epsilon = 0.010)
1. Initial log-likelihood: -106618.455
2. Current log-likelihood: -106618.385
3. Current log-likelihood: -106618.324
4. Current log-likelihood: -106618.268
5. Current log-likelihood: -106618.207
6. Current log-likelihood: -106618.163
7. Current log-likelihood: -106618.121
8. Current log-likelihood: -106618.081
9. Current log-likelihood: -106618.047
10. Current log-likelihood: -106618.020
11. Current log-likelihood: -106617.995
12. Current log-likelihood: -106617.973
13. Current log-likelihood: -106617.952
14. Current log-likelihood: -106617.935
15. Current log-likelihood: -106617.917
16. Current log-likelihood: -106617.903
17. Current log-likelihood: -106617.888
18. Current log-likelihood: -106617.875
19. Current log-likelihood: -106617.864
Optimal log-likelihood: -106617.853
Site proportion and rates:  (0.604,0.280) (0.331,1.612) (0.065,4.551)
Parameters optimization took 19 rounds (28.243 sec)
BEST SCORE FOUND : -106617.853
Site log-likelihoods printed to T2_ML.sitelh
Total tree length: 1.941

Total number of iterations: 102
CPU time used for tree search: 561.894 sec (0h:9m:21s)
Wall-clock time used for tree search: 311.963 sec (0h:5m:11s)
Total CPU time used: 730.132 sec (0h:12m:10s)
Total wall-clock time used: 410.860 sec (0h:6m:50s)

Analysis results written to: 
  IQ-TREE report:                T2_ML.iqtree
  Maximum-likelihood tree:       T2_ML.treefile
  Site log-likelihoods:          T2_ML.sitelh
  Screen log file:               T2_ML.log

Date and Time: Wed Nov 25 09:12:43 2020
