IQ-TREE multicore version 2.0.3 for Mac OS X 64-bit built Apr 26 2020
Developed by Bui Quang Minh, Nguyen Lam Tung, Olga Chernomor,
Heiko Schmidt, Dominik Schrempf, Michael Woodhams.

Host:    Lovisas-dator.local (AVX2, FMA3, 8 GB RAM)
Command: iqtree -wsl -nt 1 -st AA -s concatenation_modified_10.fasta -m JTT+R3 -pre unconstrained
Seed:    327164 (Using SPRNG - Scalable Parallel Random Number Generator)
Time:    Wed Dec  2 13:40:01 2020
Kernel:  AVX+FMA - 1 threads (4 CPU cores detected)

HINT: Use -nt option to specify number of threads because your CPU has 4 cores!
HINT: -nt AUTO will automatically determine the best number of threads to use.

Reading alignment file concatenation_modified_10.fasta ... Fasta format detected
Alignment most likely contains protein sequences
Alignment has 23 sequences with 9609 columns, 6644 distinct patterns
2926 parsimony-informative, 2750 singleton sites, 3933 constant sites
                                           Gap/Ambiguity  Composition  p-value
   1  African-lungfish_Protopterus_annectens      11.11%    passed     99.38%
   2  American-lungfish_Lepidosiren_paradoxa      28.95%    passed     64.86%
   3  Australian-lungfish_Neoceratodus_forsteri   35.03%    failed      1.29%
   4  armadillo_Dasypus_novemcinctus              10.89%    passed     99.93%
   5  chicken_Gallus_gallus                        2.33%    passed     99.96%
   6  coelacanth_Latimeria_chalumnae               4.01%    passed     90.19%
   7  dog_Canis_lupus                              4.35%    passed    100.00%
   8  elephant_Loxodonta_africana                  0.62%    passed    100.00%
   9  frog_Silurana_tropicalis                     2.52%    passed     66.16%
  10  gar_Lepisosteus_oculatus                     0.66%    passed     95.09%
  11  human_Homo_sapiens                           1.98%    passed    100.00%
  12  kangaroo_Macropus_eugenii                   15.27%    passed    100.00%
  13  lizard_Anolis_carolinensis                   7.22%    passed     99.93%
  14  mouse_Mus_musculus                           0.43%    passed     99.51%
  15  opossum_Monodelphis_domestica                9.03%    passed     99.95%
  16  platypus_Ornithorhynchus_anatinus           30.85%    passed     11.58%
  17  pufferfish_Takifugu_rubripes                15.05%    passed     98.94%
  18  shark_Callorhinchus_milii                    0.91%    passed     97.20%
  19  tilapia_Oreochromis_niloticus               17.76%    passed     47.78%
  20  turkey_Meleagris_gallopavo                  16.65%    passed     49.20%
  21  turtle_Pelodiscus_sinensis                   6.31%    passed     99.70%
  22  zebrafinch_Taeniopygia_guttata              39.31%    failed      1.16%
  23  zebrafish_Danio_rerio                       38.96%    passed     13.65%
****  TOTAL                                       13.05%  2 sequences failed composition chi2 test (p-value<5%; df=19)

Create initial parsimony tree by phylogenetic likelihood library (PLL)... 0.027 seconds

NOTE: 71 MB RAM (0 GB) is required!
Estimate model parameters (epsilon = 0.100)
1. Initial log-likelihood: -107498.389
2. Current log-likelihood: -106565.061
3. Current log-likelihood: -106535.509
4. Current log-likelihood: -106521.203
5. Current log-likelihood: -106511.097
6. Current log-likelihood: -106503.261
7. Current log-likelihood: -106497.240
8. Current log-likelihood: -106492.724
9. Current log-likelihood: -106489.456
10. Current log-likelihood: -106487.024
11. Current log-likelihood: -106485.185
12. Current log-likelihood: -106483.748
13. Current log-likelihood: -106482.578
14. Current log-likelihood: -106481.582
15. Current log-likelihood: -106480.696
16. Current log-likelihood: -106479.878
17. Current log-likelihood: -106479.168
18. Current log-likelihood: -106478.478
19. Current log-likelihood: -106477.807
20. Current log-likelihood: -106477.151
21. Current log-likelihood: -106476.511
22. Current log-likelihood: -106475.884
23. Current log-likelihood: -106475.271
24. Current log-likelihood: -106474.673
25. Current log-likelihood: -106474.090
26. Current log-likelihood: -106473.523
27. Current log-likelihood: -106472.974
28. Current log-likelihood: -106472.442
29. Current log-likelihood: -106471.929
30. Current log-likelihood: -106471.435
31. Current log-likelihood: -106470.960
32. Current log-likelihood: -106470.506
33. Current log-likelihood: -106470.072
34. Current log-likelihood: -106469.654
35. Current log-likelihood: -106469.257
36. Current log-likelihood: -106468.881
37. Current log-likelihood: -106468.535
38. Current log-likelihood: -106468.200
39. Current log-likelihood: -106467.884
40. Current log-likelihood: -106467.588
41. Current log-likelihood: -106467.311
42. Current log-likelihood: -106467.057
43. Current log-likelihood: -106466.816
44. Current log-likelihood: -106466.596
45. Current log-likelihood: -106466.393
46. Current log-likelihood: -106466.204
47. Current log-likelihood: -106466.030
48. Current log-likelihood: -106465.870
49. Current log-likelihood: -106465.724
50. Current log-likelihood: -106465.589
51. Current log-likelihood: -106465.466
52. Current log-likelihood: -106465.353
53. Current log-likelihood: -106465.250
Optimal log-likelihood: -106465.145
Site proportion and rates:  (0.591,0.271) (0.337,1.552) (0.072,4.402)
Parameters optimization took 53 rounds (93.321 sec)
Computing ML distances based on estimated model parameters... 0.115 sec
Computing BIONJ tree...
0.002 seconds
Log-likelihood of BIONJ tree: -106813.403
--------------------------------------------------------------------
|             INITIALIZING CANDIDATE TREE SET                      |
--------------------------------------------------------------------
Generating 98 parsimony trees... 3.325 second
Computing log-likelihood of 98 initial trees ... 27.064 seconds
Current best score: -106465.145

Do NNI search on 20 best initial trees
Estimate model parameters (epsilon = 0.100)
BETTER TREE FOUND at iteration 1: -106415.686
UPDATE BEST LOG-LIKELIHOOD: -106415.685
Iteration 10 / LogL: -106415.695 / Time: 0h:2m:44s
UPDATE BEST LOG-LIKELIHOOD: -106415.685
Iteration 20 / LogL: -106415.685 / Time: 0h:3m:27s
Finish initializing candidate tree set (1)
Current best tree score: -106415.685 / CPU time: 113.052
Number of iterations: 20
--------------------------------------------------------------------
|               OPTIMIZING CANDIDATE TREE SET                      |
--------------------------------------------------------------------
Iteration 30 / LogL: -106415.897 / Time: 0h:4m:11s (0h:10m:15s left)
Iteration 40 / LogL: -106415.712 / Time: 0h:4m:51s (0h:7m:36s left)
Iteration 50 / LogL: -106415.751 / Time: 0h:5m:37s (0h:5m:51s left)
Iteration 60 / LogL: -106416.042 / Time: 0h:6m:24s (0h:4m:27s left)
Iteration 70 / LogL: -106420.158 / Time: 0h:7m:15s (0h:3m:15s left)
Iteration 80 / LogL: -106415.786 / Time: 0h:7m:58s (0h:2m:7s left)
Iteration 90 / LogL: -106415.736 / Time: 0h:8m:50s (0h:1m:5s left)
Iteration 100 / LogL: -106415.719 / Time: 0h:9m:45s (0h:0m:5s left)
TREE SEARCH COMPLETED AFTER 102 ITERATIONS / Time: 0h:10m:0s

--------------------------------------------------------------------
|                    FINALIZING TREE SEARCH                        |
--------------------------------------------------------------------
Performs final model parameters optimization
Estimate model parameters (epsilon = 0.010)
1. Initial log-likelihood: -106415.685
2. Current log-likelihood: -106415.635
3. Current log-likelihood: -106415.593
4. Current log-likelihood: -106415.554
5. Current log-likelihood: -106415.519
6. Current log-likelihood: -106415.491
7. Current log-likelihood: -106415.459
8. Current log-likelihood: -106415.436
9. Current log-likelihood: -106415.415
10. Current log-likelihood: -106415.399
11. Current log-likelihood: -106415.381
12. Current log-likelihood: -106415.368
13. Current log-likelihood: -106415.353
Optimal log-likelihood: -106415.341
Site proportion and rates:  (0.605,0.280) (0.330,1.612) (0.066,4.554)
Parameters optimization took 13 rounds (21.294 sec)
BEST SCORE FOUND : -106415.341
Site log-likelihoods printed to unconstrained.sitelh
Total tree length: 1.937

Total number of iterations: 102
CPU time used for tree search: 468.589 sec (0h:7m:48s)
Wall-clock time used for tree search: 505.875 sec (0h:8m:25s)
Total CPU time used: 578.199 sec (0h:9m:38s)
Total wall-clock time used: 622.138 sec (0h:10m:22s)

Analysis results written to: 
  IQ-TREE report:                unconstrained.iqtree
  Maximum-likelihood tree:       unconstrained.treefile
  Likelihood distances:          unconstrained.mldist
  Site log-likelihoods:          unconstrained.sitelh
  Screen log file:               unconstrained.log

Date and Time: Wed Dec  2 13:50:23 2020
