IQ-TREE multicore version 2.0.3 for Mac OS X 64-bit built Apr 26 2020
Developed by Bui Quang Minh, Nguyen Lam Tung, Olga Chernomor,
Heiko Schmidt, Dominik Schrempf, Michael Woodhams.

Host:    Lovisas-dator.local (AVX2, FMA3, 8 GB RAM)
Command: iqtree -wsl -nt 1 -st AA -s modified_concatenation.fasta -m JTT+R3 -g T2.treefile -pre T2_ML
Seed:    8366 (Using SPRNG - Scalable Parallel Random Number Generator)
Time:    Wed Dec  2 11:50:52 2020
Kernel:  AVX+FMA - 1 threads (4 CPU cores detected)

HINT: Use -nt option to specify number of threads because your CPU has 4 cores!
HINT: -nt AUTO will automatically determine the best number of threads to use.

Reading alignment file modified_concatenation.fasta ... Fasta format detected
Alignment most likely contains protein sequences
Alignment has 23 sequences with 9614 columns, 6649 distinct patterns
2931 parsimony-informative, 2750 singleton sites, 3933 constant sites
                                           Gap/Ambiguity  Composition  p-value
   1  African-lungfish_Protopterus_annectens      11.11%    passed     99.37%
   2  American-lungfish_Lepidosiren_paradoxa      28.97%    passed     66.84%
   3  Australian-lungfish_Neoceratodus_forsteri   35.04%    failed      1.23%
   4  armadillo_Dasypus_novemcinctus              10.88%    passed     99.94%
   5  chicken_Gallus_gallus                        2.33%    passed     99.95%
   6  coelacanth_Latimeria_chalumnae               4.00%    passed     88.32%
   7  dog_Canis_lupus                              4.35%    passed    100.00%
   8  elephant_Loxodonta_africana                  0.62%    passed    100.00%
   9  frog_Silurana_tropicalis                     2.53%    passed     65.24%
  10  gar_Lepisosteus_oculatus                     0.66%    passed     95.54%
  11  human_Homo_sapiens                           1.98%    passed    100.00%
  12  kangaroo_Macropus_eugenii                   15.26%    passed    100.00%
  13  lizard_Anolis_carolinensis                   7.22%    passed     99.92%
  14  mouse_Mus_musculus                           0.43%    passed     99.49%
  15  opossum_Monodelphis_domestica                9.03%    passed     99.95%
  16  platypus_Ornithorhynchus_anatinus           30.83%    passed     11.37%
  17  pufferfish_Takifugu_rubripes                15.05%    passed     99.15%
  18  shark_Callorhinchus_milii                    0.90%    passed     96.85%
  19  tilapia_Oreochromis_niloticus               17.81%    passed     49.16%
  20  turkey_Meleagris_gallopavo                  16.64%    passed     49.83%
  21  turtle_Pelodiscus_sinensis                   6.30%    passed     99.71%
  22  zebrafinch_Taeniopygia_guttata              39.29%    failed      1.10%
  23  zebrafish_Danio_rerio                       39.00%    passed     13.48%
****  TOTAL                                       13.05%  2 sequences failed composition chi2 test (p-value<5%; df=19)
Reading constraint tree T2.treefile...
WARNING: Rooted constraint tree will be treated as unrooted tree
Creating fast initial parsimony tree by random order stepwise addition...
0.009 seconds, parsimony score: 13969 (based on 5681 sites)

NOTE: 71 MB RAM (0 GB) is required!
Estimate model parameters (epsilon = 0.100)
1. Initial log-likelihood: -107637.625
2. Current log-likelihood: -106654.069
3. Current log-likelihood: -106627.770
4. Current log-likelihood: -106614.304
5. Current log-likelihood: -106605.801
6. Current log-likelihood: -106599.765
7. Current log-likelihood: -106594.865
8. Current log-likelihood: -106590.631
9. Current log-likelihood: -106586.781
10. Current log-likelihood: -106583.282
11. Current log-likelihood: -106580.122
12. Current log-likelihood: -106577.295
13. Current log-likelihood: -106574.793
14. Current log-likelihood: -106572.596
15. Current log-likelihood: -106570.683
16. Current log-likelihood: -106569.025
17. Current log-likelihood: -106567.594
18. Current log-likelihood: -106566.362
19. Current log-likelihood: -106565.303
20. Current log-likelihood: -106564.393
21. Current log-likelihood: -106563.611
22. Current log-likelihood: -106562.936
23. Current log-likelihood: -106562.362
24. Current log-likelihood: -106561.860
25. Current log-likelihood: -106561.412
26. Current log-likelihood: -106561.005
27. Current log-likelihood: -106560.633
28. Current log-likelihood: -106560.285
29. Current log-likelihood: -106559.963
30. Current log-likelihood: -106559.657
31. Current log-likelihood: -106559.372
32. Current log-likelihood: -106559.105
33. Current log-likelihood: -106558.853
34. Current log-likelihood: -106558.616
35. Current log-likelihood: -106558.394
36. Current log-likelihood: -106558.191
37. Current log-likelihood: -106558.001
38. Current log-likelihood: -106557.825
39. Current log-likelihood: -106557.657
40. Current log-likelihood: -106557.504
41. Current log-likelihood: -106557.363
42. Current log-likelihood: -106557.233
43. Current log-likelihood: -106557.113
44. Current log-likelihood: -106557.003
45. Current log-likelihood: -106556.901
Optimal log-likelihood: -106556.797
Site proportion and rates:  (0.587,0.269) (0.337,1.525) (0.075,4.348)
Parameters optimization took 45 rounds (87.035 sec)
--------------------------------------------------------------------
|             INITIALIZING CANDIDATE TREE SET                      |
--------------------------------------------------------------------
Generating 99 parsimony trees... 1.119 second
Computing log-likelihood of 99 initial trees ... 31.290 seconds
Current best score: -106556.797

Do NNI search on 20 best initial trees
Estimate model parameters (epsilon = 0.100)
BETTER TREE FOUND at iteration 1: -106528.359
Iteration 10 / LogL: -106528.499 / Time: 0h:2m:28s
Iteration 20 / LogL: -106528.367 / Time: 0h:3m:18s
Finish initializing candidate tree set (1)
Current best tree score: -106528.359 / CPU time: 111.097
Number of iterations: 20
--------------------------------------------------------------------
|               OPTIMIZING CANDIDATE TREE SET                      |
--------------------------------------------------------------------
UPDATE BEST LOG-LIKELIHOOD: -106528.356
Iteration 30 / LogL: -106528.808 / Time: 0h:4m:6s (0h:10m:3s left)
Iteration 40 / LogL: -106528.361 / Time: 0h:4m:48s (0h:7m:30s left)
Iteration 50 / LogL: -106528.425 / Time: 0h:5m:36s (0h:5m:49s left)
Iteration 60 / LogL: -106528.356 / Time: 0h:6m:32s (0h:4m:32s left)
Iteration 70 / LogL: -106528.415 / Time: 0h:7m:39s (0h:3m:26s left)
Iteration 80 / LogL: -106528.875 / Time: 0h:8m:47s (0h:2m:20s left)
Iteration 90 / LogL: -106528.370 / Time: 0h:9m:46s (0h:1m:12s left)
Iteration 100 / LogL: -106528.384 / Time: 0h:10m:39s (0h:0m:6s left)
TREE SEARCH COMPLETED AFTER 102 ITERATIONS / Time: 0h:10m:49s

--------------------------------------------------------------------
|                    FINALIZING TREE SEARCH                        |
--------------------------------------------------------------------
Performs final model parameters optimization
Estimate model parameters (epsilon = 0.010)
1. Initial log-likelihood: -106528.356
2. Current log-likelihood: -106528.280
3. Current log-likelihood: -106528.210
4. Current log-likelihood: -106528.154
5. Current log-likelihood: -106528.100
6. Current log-likelihood: -106528.054
7. Current log-likelihood: -106528.011
8. Current log-likelihood: -106527.971
9. Current log-likelihood: -106527.940
10. Current log-likelihood: -106527.905
11. Current log-likelihood: -106527.879
12. Current log-likelihood: -106527.855
13. Current log-likelihood: -106527.834
14. Current log-likelihood: -106527.816
15. Current log-likelihood: -106527.798
16. Current log-likelihood: -106527.781
17. Current log-likelihood: -106527.768
18. Current log-likelihood: -106527.754
19. Current log-likelihood: -106527.743
20. Current log-likelihood: -106527.732
Optimal log-likelihood: -106527.723
Site proportion and rates:  (0.605,0.281) (0.329,1.616) (0.065,4.561)
Parameters optimization took 20 rounds (44.933 sec)
BEST SCORE FOUND : -106527.723
Site log-likelihoods printed to T2_ML.sitelh
Total tree length: 1.940

Total number of iterations: 102
CPU time used for tree search: 433.908 sec (0h:7m:13s)
Wall-clock time used for tree search: 562.574 sec (0h:9m:22s)
Total CPU time used: 548.170 sec (0h:9m:8s)
Total wall-clock time used: 694.638 sec (0h:11m:34s)

Analysis results written to: 
  IQ-TREE report:                T2_ML.iqtree
  Maximum-likelihood tree:       T2_ML.treefile
  Site log-likelihoods:          T2_ML.sitelh
  Screen log file:               T2_ML.log

Date and Time: Wed Dec  2 12:02:26 2020
